Build started 11/30/2014 10:20:11 PM.
     1>Project "C:\Users\Kevin\Documents\Visual Studio 2013\Projects\CS535_RayCasting\CS535_Program2\CS535_Program2.vcxproj" on node 2 (Build target(s)).
     1>ClCompile:
         C:\Program Files (x86)\Microsoft Visual Studio 12.0\VC\bin\x86_amd64\CL.exe /c /Zi /nologo /W3 /WX- /Od /Oi /GL /D WIN32 /D NDEBUG /D _CONSOLE /D _LIB /D _UNICODE /D UNICODE /Gm- /EHsc /MD /GS /Gy /fp:precise /Zc:wchar_t /Zc:forScope /Fo"x64\Release\\" /Fd"x64\Release\vc120.pdb" /Gd /TP /errorReport:prompt Box.cpp CS535_RayCasting.cpp Sphere.cpp
         Box.cpp
     1>C:\Program Files (x86)\Windows Kits\8.1\Include\shared\minwindef.h(127): warning C4005: 'CALLBACK' : macro redefinition
                 C:\Program Files (x86)\Microsoft Visual Studio 12.0\VC\include\GL/glut.h(34) : see previous definition of 'CALLBACK'
         CS535_RayCasting.cpp
     1>C:\Program Files (x86)\Windows Kits\8.1\Include\shared\minwindef.h(127): warning C4005: 'CALLBACK' : macro redefinition
                 C:\Program Files (x86)\Microsoft Visual Studio 12.0\VC\include\GL/glut.h(34) : see previous definition of 'CALLBACK'
         Sphere.cpp
     1>C:\Program Files (x86)\Windows Kits\8.1\Include\shared\minwindef.h(127): warning C4005: 'CALLBACK' : macro redefinition
                 C:\Program Files (x86)\Microsoft Visual Studio 12.0\VC\include\GL/glut.h(34) : see previous definition of 'CALLBACK'
       Link:
         C:\Program Files (x86)\Microsoft Visual Studio 12.0\VC\bin\x86_amd64\link.exe /ERRORREPORT:PROMPT /OUT:"C:\Users\Kevin\Documents\Visual Studio 2013\Projects\CS535_RayCasting\x64\Release\CS535_RayCasting.exe" /INCREMENTAL:NO /NOLOGO opengl32.lib glu32.lib glut32.lib kernel32.lib user32.lib gdi32.lib winspool.lib comdlg32.lib advapi32.lib shell32.lib ole32.lib oleaut32.lib uuid.lib odbc32.lib odbccp32.lib /MANIFEST /MANIFESTUAC:"level='asInvoker' uiAccess='false'" /manifest:embed /DEBUG /PDB:"C:\Users\Kevin\Documents\Visual Studio 2013\Projects\CS535_RayCasting\x64\Release\CS535_RayCasting.pdb" /SUBSYSTEM:CONSOLE /OPT:REF /OPT:ICF /LTCG /TLBID:1 /DYNAMICBASE /NXCOMPAT /IMPLIB:"C:\Users\Kevin\Documents\Visual Studio 2013\Projects\CS535_RayCasting\x64\Release\CS535_RayCasting.lib" /MACHINE:X64 x64\Release\Box.obj
         x64\Release\CS535_RayCasting.obj
         x64\Release\Sphere.obj
         x64\Release\stdafx.obj
     1>LINK : fatal error LNK1181: cannot open input file 'glut32.lib'
     1>Done Building Project "C:\Users\Kevin\Documents\Visual Studio 2013\Projects\CS535_RayCasting\CS535_Program2\CS535_Program2.vcxproj" (Build target(s)) -- FAILED.

Build FAILED.

Time Elapsed 00:00:02.48
